    input   (en0)      output           input   (Total)    output    
 packets  errs  packets  errs colls  packets  errs  packets  errs colls 
88027444     0 84920428     3     0 3939066827     0 1789326532    15     0
      19     0       14     0     0    13544     0     6796     0     0
      23     0       19     0     0    13624     0     6807     0     0
      10     0        9     0     0     9892     0     4961     0     0
       3     0        1     0     0    13649     0     6826     0     0
       3     0        0     0     0    13523     0     6751     0     0
       4     0        0     0     0    10928     0     5449     0     0
       2     0        1     0     0    13633     0     6805     0     0
       0     0        0     0     0    13500     0     6740     0     0
       5     0        4     0     0    10908     0     5416     0     0
       2     0        0     0     0    13470     0     6709     0     0
       2     0        0     0     0    13646     0     6828     0     0
       1     0        0     0     0    10162     0     5067     0     0
       5     0        1     0     0    13559     0     6791     0     0
       2     0        0     0     0    11282     0     5627     0     0
     126     0      118     0     0    11544     0     5808     0     0
       3     0        2     0     0    13444     0     6734     0     0
       3     0        2     0     0    10722     0     5371     0     0
