cat: 20101012_05_draixp07_aixbase.sbstats: No such file or directory
grep: 20101012_05_draixp07_aixbase.sbstats: No such file or directory
ls: /tmp/13551.*: No such file or directory
rm: cannot remove `/tmp/13551.*': No such file or directory
ls: /tmp/13592.*: No such file or directory
rm: cannot remove `/tmp/13592.*': No such file or directory
/usr/local/bin/to15min: line 40: let: AVG=()/0: syntax error: operand expected (error token is ")/0")
(standard_in) 1: parse error
/usr/local/bin/to15min: line 40: let: AVG=()/0: syntax error: operand expected (error token is ")/0")
(standard_in) 1: parse error
/usr/local/bin/to15min: line 40: let: AVG=()/0: syntax error: operand expected (error token is ")/0")
(standard_in) 1: parse error
/usr/local/bin/to15min: line 40: let: AVG=()/0: syntax error: operand expected (error token is ")/0")
(standard_in) 1: parse error
/usr/local/bin/to15min: line 40: let: AVG=()/0: syntax error: operand expected (error token is ")/0")
(standard_in) 1: parse error
/usr/local/bin/to15min: line 40: let: AVG=()/0: syntax error: operand expected (error token is ")/0")
(standard_in) 1: parse error
/usr/local/bin/to15min: line 40: let: AVG=()/0: syntax error: operand expected (error token is ")/0")
(standard_in) 1: parse error
/usr/local/bin/to15min: line 40: let: AVG=()/0: syntax error: operand expected (error token is ")/0")
(standard_in) 1: parse error
/usr/local/bin/to15min: line 40: let: AVG=()/0: syntax error: operand expected (error token is ")/0")
(standard_in) 1: parse error
/usr/local/bin/to15min: line 40: let: AVG=()/0: syntax error: operand expected (error token is ")/0")
(standard_in) 1: parse error
/usr/local/bin/to15min: line 40: let: AVG=()/0: syntax error: operand expected (error token is ")/0")
(standard_in) 1: parse error
/usr/local/bin/to15min: line 40: let: AVG=()/0: syntax error: operand expected (error token is ")/0")
(standard_in) 1: parse error
/usr/local/bin/to15min: line 40: let: AVG=()/0: syntax error: operand expected (error token is ")/0")
(standard_in) 1: parse error
/usr/local/bin/to15min: line 40: let: AVG=()/0: syntax error: operand expected (error token is ")/0")
(standard_in) 1: parse error
/usr/local/bin/to15min: line 40: let: AVG=()/0: syntax error: operand expected (error token is ")/0")
(standard_in) 1: parse error
/usr/local/bin/to15min: line 40: let: AVG=()/0: syntax error: operand expected (error token is ")/0")
(standard_in) 1: parse error
/usr/local/bin/to15min: line 40: let: AVG=()/0: syntax error: operand expected (error token is ")/0")
(standard_in) 1: parse error
/usr/local/bin/to15min: line 40: let: AVG=()/0: syntax error: operand expected (error token is ")/0")
(standard_in) 1: parse error
/usr/local/bin/to15min: line 40: let: AVG=()/0: syntax error: operand expected (error token is ")/0")
(standard_in) 1: parse error
/usr/local/bin/to15min: line 40: let: AVG=()/0: syntax error: operand expected (error token is ")/0")
(standard_in) 1: parse error
/usr/local/bin/to15min: line 40: let: AVG=()/0: syntax error: operand expected (error token is ")/0")
(standard_in) 1: parse error
/usr/local/bin/to15min: line 40: let: AVG=()/0: syntax error: operand expected (error token is ")/0")
(standard_in) 1: parse error
/usr/local/bin/to15min: line 40: let: AVG=()/0: syntax error: operand expected (error token is ")/0")
(standard_in) 1: parse error
/usr/local/bin/to15min: line 40: let: AVG=()/0: syntax error: operand expected (error token is ")/0")
(standard_in) 1: parse error
/usr/local/bin/to15min: line 40: let: AVG=()/0: syntax error: operand expected (error token is ")/0")
(standard_in) 1: parse error
/usr/local/bin/to15min: line 40: let: AVG=()/0: syntax error: operand expected (error token is ")/0")
(standard_in) 1: parse error
/usr/local/bin/to15min: line 40: let: AVG=()/0: syntax error: operand expected (error token is ")/0")
(standard_in) 1: parse error
/usr/local/bin/to15min: line 40: let: AVG=()/0: syntax error: operand expected (error token is ")/0")
(standard_in) 1: parse error
/usr/local/bin/to15min: line 40: let: AVG=()/0: syntax error: operand expected (error token is ")/0")
(standard_in) 1: parse error
/usr/local/bin/to15min: line 40: let: AVG=()/0: syntax error: operand expected (error token is ")/0")
(standard_in) 1: parse error
/usr/local/bin/to15min: line 40: let: AVG=()/0: syntax error: operand expected (error token is ")/0")
(standard_in) 1: parse error
/usr/local/bin/to15min: line 40: let: AVG=()/0: syntax error: operand expected (error token is ")/0")
(standard_in) 1: parse error
/usr/local/bin/to15min: line 40: let: AVG=()/0: syntax error: operand expected (error token is ")/0")
(standard_in) 1: parse error
/usr/local/bin/to15min: line 40: let: AVG=()/0: syntax error: operand expected (error token is ")/0")
(standard_in) 1: parse error
/usr/local/bin/to15min: line 40: let: AVG=()/0: syntax error: operand expected (error token is ")/0")
(standard_in) 1: parse error
/usr/local/bin/to15min: line 40: let: AVG=()/0: syntax error: operand expected (error token is ")/0")
(standard_in) 1: parse error
/usr/local/bin/to15min: line 40: let: AVG=()/0: syntax error: operand expected (error token is ")/0")
(standard_in) 1: parse error
/usr/local/bin/to15min: line 40: let: AVG=()/0: syntax error: operand expected (error token is ")/0")
(standard_in) 1: parse error
/usr/local/bin/to15min: line 40: let: AVG=()/0: syntax error: operand expected (error token is ")/0")
(standard_in) 1: parse error
/usr/local/bin/to15min: line 40: let: AVG=()/0: syntax error: operand expected (error token is ")/0")
(standard_in) 1: parse error
/usr/local/bin/to15min: line 40: let: AVG=()/0: syntax error: operand expected (error token is ")/0")
(standard_in) 1: parse error
/usr/local/bin/to15min: line 40: let: AVG=()/0: syntax error: operand expected (error token is ")/0")
(standard_in) 1: parse error
/usr/local/bin/to15min: line 40: let: AVG=()/0: syntax error: operand expected (error token is ")/0")
(standard_in) 1: parse error
/usr/local/bin/to15min: line 40: let: AVG=()/0: syntax error: operand expected (error token is ")/0")
(standard_in) 1: parse error
/usr/local/bin/to15min: line 40: let: AVG=()/0: syntax error: operand expected (error token is ")/0")
(standard_in) 1: parse error
/usr/local/bin/to15min: line 40: let: AVG=()/0: syntax error: operand expected (error token is ")/0")
(standard_in) 1: parse error
/usr/local/bin/to15min: line 40: let: AVG=()/0: syntax error: operand expected (error token is ")/0")
(standard_in) 1: parse error
/usr/local/bin/to15min: line 40: let: AVG=()/0: syntax error: operand expected (error token is ")/0")
(standard_in) 1: parse error
/usr/local/bin/to15min: line 40: let: AVG=()/0: syntax error: operand expected (error token is ")/0")
(standard_in) 1: parse error
/usr/local/bin/to15min: line 40: let: AVG=()/0: syntax error: operand expected (error token is ")/0")
(standard_in) 1: parse error
/usr/local/bin/to15min: line 40: let: AVG=()/0: syntax error: operand expected (error token is ")/0")
(standard_in) 1: parse error
/usr/local/bin/to15min: line 40: let: AVG=()/0: syntax error: operand expected (error token is ")/0")
(standard_in) 1: parse error
/usr/local/bin/to15min: line 40: let: AVG=()/0: syntax error: operand expected (error token is ")/0")
(standard_in) 1: parse error
/usr/local/bin/to15min: line 40: let: AVG=()/0: syntax error: operand expected (error token is ")/0")
(standard_in) 1: parse error
/usr/local/bin/to15min: line 40: let: AVG=()/0: syntax error: operand expected (error token is ")/0")
(standard_in) 1: parse error
/usr/local/bin/to15min: line 40: let: AVG=()/0: syntax error: operand expected (error token is ")/0")
(standard_in) 1: parse error
/usr/local/bin/to15min: line 40: let: AVG=()/0: syntax error: operand expected (error token is ")/0")
(standard_in) 1: parse error
/usr/local/bin/to15min: line 40: let: AVG=()/0: syntax error: operand expected (error token is ")/0")
(standard_in) 1: parse error
/usr/local/bin/to15min: line 40: let: AVG=()/0: syntax error: operand expected (error token is ")/0")
(standard_in) 1: parse error
/usr/local/bin/to15min: line 40: let: AVG=()/0: syntax error: operand expected (error token is ")/0")
(standard_in) 1: parse error
/usr/local/bin/to15min: line 40: let: AVG=()/0: syntax error: operand expected (error token is ")/0")
(standard_in) 1: parse error
/usr/local/bin/to15min: line 40: let: AVG=()/0: syntax error: operand expected (error token is ")/0")
(standard_in) 1: parse error
/usr/local/bin/to15min: line 40: let: AVG=()/0: syntax error: operand expected (error token is ")/0")
(standard_in) 1: parse error
/usr/local/bin/to15min: line 40: let: AVG=()/0: syntax error: operand expected (error token is ")/0")
(standard_in) 1: parse error
(standard_in) 1: parse error
(standard_in) 1: parse error
(standard_in) 1: parse error
(standard_in) 1: parse error
(standard_in) 1: parse error
(standard_in) 1: parse error
(standard_in) 1: parse error
(standard_in) 1: parse error
(standard_in) 1: parse error
(standard_in) 1: parse error
(standard_in) 1: parse error
(standard_in) 1: parse error
(standard_in) 1: parse error
(standard_in) 1: parse error
(standard_in) 1: parse error
(standard_in) 1: parse error
cat: 20101012_05_draixp10_aixbase.sbstats: No such file or directory
grep: 20101012_05_draixp10_aixbase.sbstats: No such file or directory
ls: /tmp/25747.*: No such file or directory
rm: cannot remove `/tmp/25747.*': No such file or directory
ls: /tmp/25799.*: No such file or directory
rm: cannot remove `/tmp/25799.*': No such file or directory
cat: 20101012_05_draixp11_aixbase.sbstats: No such file or directory
grep: 20101012_05_draixp11_aixbase.sbstats: No such file or directory
ls: /tmp/25843.*: No such file or directory
rm: cannot remove `/tmp/25843.*': No such file or directory
ls: /tmp/25890.*: No such file or directory
rm: cannot remove `/tmp/25890.*': No such file or directory
cat: 20101012_05_draixp12_aixbase.sbstats: No such file or directory
grep: 20101012_05_draixp12_aixbase.sbstats: No such file or directory
ls: /tmp/25935.*: No such file or directory
rm: cannot remove `/tmp/25935.*': No such file or directory
ls: /tmp/25982.*: No such file or directory
rm: cannot remove `/tmp/25982.*': No such file or directory
cat: 20101012_05_draixp15_aixbase.sbstats: No such file or directory
grep: 20101012_05_draixp15_aixbase.sbstats: No such file or directory
ls: /tmp/16095.*: No such file or directory
rm: cannot remove `/tmp/16095.*': No such file or directory
ls: /tmp/16110.*: No such file or directory
rm: cannot remove `/tmp/16110.*': No such file or directory
cat: 20101012_05_draixp20_aixbase.sbstats: No such file or directory
grep: 20101012_05_draixp20_aixbase.sbstats: No such file or directory
ls: /tmp/5219.*: No such file or directory
rm: cannot remove `/tmp/5219.*': No such file or directory
ls: /tmp/5234.*: No such file or directory
rm: cannot remove `/tmp/5234.*': No such file or directory
cat: 20101012_05_draixp21_aixbase.sbstats: No such file or directory
grep: 20101012_05_draixp21_aixbase.sbstats: No such file or directory
/usr/local/bin/to15min: line 104: ../15/20101012_15_draixp21_aixbase.sbstats: No such file or directory
/usr/local/bin/to15min: line 111: ../15/20101012_15_draixp21_aixbase.sbstats: No such file or directory
ls: /tmp/5248.*: No such file or directory
rm: cannot remove `/tmp/5248.*': No such file or directory
/usr/local/bin/to60min: line 92: cd: draixp21/15: No such file or directory
cat: 20101012_15_draixp21_aixbase.sbstats: No such file or directory
grep: 20101012_15_draixp21_aixbase.sbstats: No such file or directory
ls: /tmp/5263.*: No such file or directory
rm: cannot remove `/tmp/5263.*': No such file or directory
cat: 20101012_05_drviop01_aixbase.sbstats: No such file or directory
grep: 20101012_05_drviop01_aixbase.sbstats: No such file or directory
ls: /tmp/27082.*: No such file or directory
rm: cannot remove `/tmp/27082.*': No such file or directory
ls: /tmp/27097.*: No such file or directory
rm: cannot remove `/tmp/27097.*': No such file or directory
cat: 20101012_05_nad0019aixd01_aixbase.sbstats: No such file or directory
grep: 20101012_05_nad0019aixd01_aixbase.sbstats: No such file or directory
ls: /tmp/26858.*: No such file or directory
rm: cannot remove `/tmp/26858.*': No such file or directory
ls: /tmp/26873.*: No such file or directory
rm: cannot remove `/tmp/26873.*': No such file or directory
cat: 20101012_05_nad0019aixd17_aixbase.sbstats: No such file or directory
grep: 20101012_05_nad0019aixd17_aixbase.sbstats: No such file or directory
ls: /tmp/10427.*: No such file or directory
rm: cannot remove `/tmp/10427.*': No such file or directory
ls: /tmp/10442.*: No such file or directory
rm: cannot remove `/tmp/10442.*': No such file or directory
cat: 20101012_05_nad0019aixd22_aixbase.sbstats: No such file or directory
grep: 20101012_05_nad0019aixd22_aixbase.sbstats: No such file or directory
ls: /tmp/32216.*: No such file or directory
rm: cannot remove `/tmp/32216.*': No such file or directory
ls: /tmp/32260.*: No such file or directory
rm: cannot remove `/tmp/32260.*': No such file or directory
/usr/local/bin/to15min: line 40: let: AVG=()/0: syntax error: operand expected (error token is ")/0")
(standard_in) 1: parse error
/usr/local/bin/to15min: line 40: let: AVG=()/0: syntax error: operand expected (error token is ")/0")
(standard_in) 1: parse error
/usr/local/bin/to15min: line 40: let: AVG=()/0: syntax error: operand expected (error token is ")/0")
(standard_in) 1: parse error
/usr/local/bin/to15min: line 40: let: AVG=()/0: syntax error: operand expected (error token is ")/0")
(standard_in) 1: parse error
/usr/local/bin/to15min: line 40: let: AVG=()/0: syntax error: operand expected (error token is ")/0")
(standard_in) 1: parse error
/usr/local/bin/to15min: line 40: let: AVG=()/0: syntax error: operand expected (error token is ")/0")
(standard_in) 1: parse error
/usr/local/bin/to15min: line 40: let: AVG=()/0: syntax error: operand expected (error token is ")/0")
(standard_in) 1: parse error
/usr/local/bin/to15min: line 40: let: AVG=()/0: syntax error: operand expected (error token is ")/0")
(standard_in) 1: parse error
/usr/local/bin/to15min: line 40: let: AVG=()/0: syntax error: operand expected (error token is ")/0")
(standard_in) 1: parse error
/usr/local/bin/to15min: line 40: let: AVG=()/0: syntax error: operand expected (error token is ")/0")
(standard_in) 1: parse error
/usr/local/bin/to15min: line 40: let: AVG=()/0: syntax error: operand expected (error token is ")/0")
(standard_in) 1: parse error
/usr/local/bin/to15min: line 40: let: AVG=()/0: syntax error: operand expected (error token is ")/0")
(standard_in) 1: parse error
/usr/local/bin/to15min: line 40: let: AVG=()/0: syntax error: operand expected (error token is ")/0")
(standard_in) 1: parse error
/usr/local/bin/to15min: line 40: let: AVG=()/0: syntax error: operand expected (error token is ")/0")
(standard_in) 1: parse error
/usr/local/bin/to15min: line 40: let: AVG=()/0: syntax error: operand expected (error token is ")/0")
(standard_in) 1: parse error
/usr/local/bin/to15min: line 40: let: AVG=()/0: syntax error: operand expected (error token is ")/0")
(standard_in) 1: parse error
/usr/local/bin/to15min: line 40: let: AVG=()/0: syntax error: operand expected (error token is ")/0")
(standard_in) 1: parse error
/usr/local/bin/to15min: line 40: let: AVG=()/0: syntax error: operand expected (error token is ")/0")
(standard_in) 1: parse error
/usr/local/bin/to15min: line 40: let: AVG=()/0: syntax error: operand expected (error token is ")/0")
(standard_in) 1: parse error
/usr/local/bin/to15min: line 40: let: AVG=()/0: syntax error: operand expected (error token is ")/0")
(standard_in) 1: parse error
/usr/local/bin/to15min: line 40: let: AVG=()/0: syntax error: operand expected (error token is ")/0")
(standard_in) 1: parse error
/usr/local/bin/to15min: line 40: let: AVG=()/0: syntax error: operand expected (error token is ")/0")
(standard_in) 1: parse error
/usr/local/bin/to15min: line 40: let: AVG=()/0: syntax error: operand expected (error token is ")/0")
(standard_in) 1: parse error
/usr/local/bin/to15min: line 40: let: AVG=()/0: syntax error: operand expected (error token is ")/0")
(standard_in) 1: parse error
/usr/local/bin/to15min: line 40: let: AVG=()/0: syntax error: operand expected (error token is ")/0")
(standard_in) 1: parse error
/usr/local/bin/to15min: line 40: let: AVG=()/0: syntax error: operand expected (error token is ")/0")
(standard_in) 1: parse error
/usr/local/bin/to15min: line 40: let: AVG=()/0: syntax error: operand expected (error token is ")/0")
(standard_in) 1: parse error
/usr/local/bin/to15min: line 40: let: AVG=()/0: syntax error: operand expected (error token is ")/0")
(standard_in) 1: parse error
/usr/local/bin/to15min: line 40: let: AVG=()/0: syntax error: operand expected (error token is ")/0")
(standard_in) 1: parse error
/usr/local/bin/to15min: line 40: let: AVG=()/0: syntax error: operand expected (error token is ")/0")
(standard_in) 1: parse error
/usr/local/bin/to15min: line 40: let: AVG=()/0: syntax error: operand expected (error token is ")/0")
(standard_in) 1: parse error
/usr/local/bin/to15min: line 40: let: AVG=()/0: syntax error: operand expected (error token is ")/0")
(standard_in) 1: parse error
/usr/local/bin/to15min: line 40: let: AVG=()/0: syntax error: operand expected (error token is ")/0")
(standard_in) 1: parse error
/usr/local/bin/to15min: line 40: let: AVG=()/0: syntax error: operand expected (error token is ")/0")
(standard_in) 1: parse error
/usr/local/bin/to15min: line 40: let: AVG=()/0: syntax error: operand expected (error token is ")/0")
(standard_in) 1: parse error
/usr/local/bin/to15min: line 40: let: AVG=()/0: syntax error: operand expected (error token is ")/0")
(standard_in) 1: parse error
/usr/local/bin/to15min: line 40: let: AVG=()/0: syntax error: operand expected (error token is ")/0")
(standard_in) 1: parse error
/usr/local/bin/to15min: line 40: let: AVG=()/0: syntax error: operand expected (error token is ")/0")
(standard_in) 1: parse error
/usr/local/bin/to15min: line 40: let: AVG=()/0: syntax error: operand expected (error token is ")/0")
(standard_in) 1: parse error
/usr/local/bin/to15min: line 40: let: AVG=()/0: syntax error: operand expected (error token is ")/0")
(standard_in) 1: parse error
/usr/local/bin/to15min: line 40: let: AVG=()/0: syntax error: operand expected (error token is ")/0")
(standard_in) 1: parse error
/usr/local/bin/to15min: line 40: let: AVG=()/0: syntax error: operand expected (error token is ")/0")
(standard_in) 1: parse error
/usr/local/bin/to15min: line 40: let: AVG=()/0: syntax error: operand expected (error token is ")/0")
(standard_in) 1: parse error
/usr/local/bin/to15min: line 40: let: AVG=()/0: syntax error: operand expected (error token is ")/0")
(standard_in) 1: parse error
/usr/local/bin/to15min: line 40: let: AVG=()/0: syntax error: operand expected (error token is ")/0")
(standard_in) 1: parse error
/usr/local/bin/to15min: line 40: let: AVG=()/0: syntax error: operand expected (error token is ")/0")
(standard_in) 1: parse error
/usr/local/bin/to15min: line 40: let: AVG=()/0: syntax error: operand expected (error token is ")/0")
(standard_in) 1: parse error
/usr/local/bin/to15min: line 40: let: AVG=()/0: syntax error: operand expected (error token is ")/0")
(standard_in) 1: parse error
/usr/local/bin/to15min: line 40: let: AVG=()/0: syntax error: operand expected (error token is ")/0")
(standard_in) 1: parse error
/usr/local/bin/to15min: line 40: let: AVG=()/0: syntax error: operand expected (error token is ")/0")
(standard_in) 1: parse error
/usr/local/bin/to15min: line 40: let: AVG=()/0: syntax error: operand expected (error token is ")/0")
(standard_in) 1: parse error
/usr/local/bin/to15min: line 40: let: AVG=()/0: syntax error: operand expected (error token is ")/0")
(standard_in) 1: parse error
/usr/local/bin/to15min: line 40: let: AVG=()/0: syntax error: operand expected (error token is ")/0")
(standard_in) 1: parse error
/usr/local/bin/to15min: line 40: let: AVG=()/0: syntax error: operand expected (error token is ")/0")
(standard_in) 1: parse error
/usr/local/bin/to15min: line 40: let: AVG=()/0: syntax error: operand expected (error token is ")/0")
(standard_in) 1: parse error
/usr/local/bin/to15min: line 40: let: AVG=()/0: syntax error: operand expected (error token is ")/0")
(standard_in) 1: parse error
/usr/local/bin/to15min: line 40: let: AVG=()/0: syntax error: operand expected (error token is ")/0")
(standard_in) 1: parse error
/usr/local/bin/to15min: line 40: let: AVG=()/0: syntax error: operand expected (error token is ")/0")
(standard_in) 1: parse error
/usr/local/bin/to15min: line 40: let: AVG=()/0: syntax error: operand expected (error token is ")/0")
(standard_in) 1: parse error
/usr/local/bin/to15min: line 40: let: AVG=()/0: syntax error: operand expected (error token is ")/0")
(standard_in) 1: parse error
/usr/local/bin/to15min: line 40: let: AVG=()/0: syntax error: operand expected (error token is ")/0")
(standard_in) 1: parse error
/usr/local/bin/to15min: line 40: let: AVG=()/0: syntax error: operand expected (error token is ")/0")
(standard_in) 1: parse error
/usr/local/bin/to15min: line 40: let: AVG=()/0: syntax error: operand expected (error token is ")/0")
(standard_in) 1: parse error
/usr/local/bin/to15min: line 40: let: AVG=()/0: syntax error: operand expected (error token is ")/0")
(standard_in) 1: parse error
/usr/local/bin/to15min: line 40: let: AVG=()/0: syntax error: operand expected (error token is ")/0")
(standard_in) 1: parse error
(standard_in) 1: parse error
(standard_in) 1: parse error
(standard_in) 1: parse error
(standard_in) 1: parse error
(standard_in) 1: parse error
(standard_in) 1: parse error
(standard_in) 1: parse error
(standard_in) 1: parse error
(standard_in) 1: parse error
(standard_in) 1: parse error
(standard_in) 1: parse error
(standard_in) 1: parse error
(standard_in) 1: parse error
(standard_in) 1: parse error
(standard_in) 1: parse error
(standard_in) 1: parse error
(standard_in) 1: parse error
/usr/local/bin/to15min: line 40: let: AVG=()/0: syntax error: operand expected (error token is ")/0")
(standard_in) 1: parse error
/usr/local/bin/to15min: line 40: let: AVG=()/0: syntax error: operand expected (error token is ")/0")
(standard_in) 1: parse error
/usr/local/bin/to15min: line 40: let: AVG=()/0: syntax error: operand expected (error token is ")/0")
(standard_in) 1: parse error
/usr/local/bin/to15min: line 40: let: AVG=()/0: syntax error: operand expected (error token is ")/0")
(standard_in) 1: parse error
/usr/local/bin/to15min: line 40: let: AVG=()/0: syntax error: operand expected (error token is ")/0")
(standard_in) 1: parse error
/usr/local/bin/to15min: line 40: let: AVG=()/0: syntax error: operand expected (error token is ")/0")
(standard_in) 1: parse error
/usr/local/bin/to15min: line 40: let: AVG=()/0: syntax error: operand expected (error token is ")/0")
(standard_in) 1: parse error
/usr/local/bin/to15min: line 40: let: AVG=()/0: syntax error: operand expected (error token is ")/0")
(standard_in) 1: parse error
/usr/local/bin/to15min: line 40: let: AVG=()/0: syntax error: operand expected (error token is ")/0")
(standard_in) 1: parse error
/usr/local/bin/to15min: line 40: let: AVG=()/0: syntax error: operand expected (error token is ")/0")
(standard_in) 1: parse error
/usr/local/bin/to15min: line 40: let: AVG=()/0: syntax error: operand expected (error token is ")/0")
(standard_in) 1: parse error
/usr/local/bin/to15min: line 40: let: AVG=()/0: syntax error: operand expected (error token is ")/0")
(standard_in) 1: parse error
/usr/local/bin/to15min: line 40: let: AVG=()/0: syntax error: operand expected (error token is ")/0")
(standard_in) 1: parse error
/usr/local/bin/to15min: line 40: let: AVG=()/0: syntax error: operand expected (error token is ")/0")
(standard_in) 1: parse error
/usr/local/bin/to15min: line 40: let: AVG=()/0: syntax error: operand expected (error token is ")/0")
(standard_in) 1: parse error
/usr/local/bin/to15min: line 40: let: AVG=()/0: syntax error: operand expected (error token is ")/0")
(standard_in) 1: parse error
/usr/local/bin/to15min: line 40: let: AVG=()/0: syntax error: operand expected (error token is ")/0")
(standard_in) 1: parse error
/usr/local/bin/to15min: line 40: let: AVG=()/0: syntax error: operand expected (error token is ")/0")
(standard_in) 1: parse error
/usr/local/bin/to15min: line 40: let: AVG=()/0: syntax error: operand expected (error token is ")/0")
(standard_in) 1: parse error
/usr/local/bin/to15min: line 40: let: AVG=()/0: syntax error: operand expected (error token is ")/0")
(standard_in) 1: parse error
/usr/local/bin/to15min: line 40: let: AVG=()/0: syntax error: operand expected (error token is ")/0")
(standard_in) 1: parse error
/usr/local/bin/to15min: line 40: let: AVG=()/0: syntax error: operand expected (error token is ")/0")
(standard_in) 1: parse error
/usr/local/bin/to15min: line 40: let: AVG=()/0: syntax error: operand expected (error token is ")/0")
(standard_in) 1: parse error
/usr/local/bin/to15min: line 40: let: AVG=()/0: syntax error: operand expected (error token is ")/0")
(standard_in) 1: parse error
/usr/local/bin/to15min: line 40: let: AVG=()/0: syntax error: operand expected (error token is ")/0")
(standard_in) 1: parse error
/usr/local/bin/to15min: line 40: let: AVG=()/0: syntax error: operand expected (error token is ")/0")
(standard_in) 1: parse error
/usr/local/bin/to15min: line 40: let: AVG=()/0: syntax error: operand expected (error token is ")/0")
(standard_in) 1: parse error
/usr/local/bin/to15min: line 40: let: AVG=()/0: syntax error: operand expected (error token is ")/0")
(standard_in) 1: parse error
/usr/local/bin/to15min: line 40: let: AVG=()/0: syntax error: operand expected (error token is ")/0")
(standard_in) 1: parse error
/usr/local/bin/to15min: line 40: let: AVG=()/0: syntax error: operand expected (error token is ")/0")
(standard_in) 1: parse error
/usr/local/bin/to15min: line 40: let: AVG=()/0: syntax error: operand expected (error token is ")/0")
(standard_in) 1: parse error
/usr/local/bin/to15min: line 40: let: AVG=()/0: syntax error: operand expected (error token is ")/0")
(standard_in) 1: parse error
/usr/local/bin/to15min: line 40: let: AVG=()/0: syntax error: operand expected (error token is ")/0")
(standard_in) 1: parse error
/usr/local/bin/to15min: line 40: let: AVG=()/0: syntax error: operand expected (error token is ")/0")
(standard_in) 1: parse error
/usr/local/bin/to15min: line 40: let: AVG=()/0: syntax error: operand expected (error token is ")/0")
(standard_in) 1: parse error
/usr/local/bin/to15min: line 40: let: AVG=()/0: syntax error: operand expected (error token is ")/0")
(standard_in) 1: parse error
/usr/local/bin/to15min: line 40: let: AVG=()/0: syntax error: operand expected (error token is ")/0")
(standard_in) 1: parse error
/usr/local/bin/to15min: line 40: let: AVG=()/0: syntax error: operand expected (error token is ")/0")
(standard_in) 1: parse error
/usr/local/bin/to15min: line 40: let: AVG=()/0: syntax error: operand expected (error token is ")/0")
(standard_in) 1: parse error
/usr/local/bin/to15min: line 40: let: AVG=()/0: syntax error: operand expected (error token is ")/0")
(standard_in) 1: parse error
/usr/local/bin/to15min: line 40: let: AVG=()/0: syntax error: operand expected (error token is ")/0")
(standard_in) 1: parse error
/usr/local/bin/to15min: line 40: let: AVG=()/0: syntax error: operand expected (error token is ")/0")
(standard_in) 1: parse error
/usr/local/bin/to15min: line 40: let: AVG=()/0: syntax error: operand expected (error token is ")/0")
(standard_in) 1: parse error
/usr/local/bin/to15min: line 40: let: AVG=()/0: syntax error: operand expected (error token is ")/0")
(standard_in) 1: parse error
/usr/local/bin/to15min: line 40: let: AVG=()/0: syntax error: operand expected (error token is ")/0")
(standard_in) 1: parse error
/usr/local/bin/to15min: line 40: let: AVG=()/0: syntax error: operand expected (error token is ")/0")
(standard_in) 1: parse error
/usr/local/bin/to15min: line 40: let: AVG=()/0: syntax error: operand expected (error token is ")/0")
(standard_in) 1: parse error
/usr/local/bin/to15min: line 40: let: AVG=()/0: syntax error: operand expected (error token is ")/0")
(standard_in) 1: parse error
/usr/local/bin/to15min: line 40: let: AVG=()/0: syntax error: operand expected (error token is ")/0")
(standard_in) 1: parse error
/usr/local/bin/to15min: line 40: let: AVG=()/0: syntax error: operand expected (error token is ")/0")
(standard_in) 1: parse error
/usr/local/bin/to15min: line 40: let: AVG=()/0: syntax error: operand expected (error token is ")/0")
(standard_in) 1: parse error
/usr/local/bin/to15min: line 40: let: AVG=()/0: syntax error: operand expected (error token is ")/0")
(standard_in) 1: parse error
/usr/local/bin/to15min: line 40: let: AVG=()/0: syntax error: operand expected (error token is ")/0")
(standard_in) 1: parse error
/usr/local/bin/to15min: line 40: let: AVG=()/0: syntax error: operand expected (error token is ")/0")
(standard_in) 1: parse error
/usr/local/bin/to15min: line 40: let: AVG=()/0: syntax error: operand expected (error token is ")/0")
(standard_in) 1: parse error
/usr/local/bin/to15min: line 40: let: AVG=()/0: syntax error: operand expected (error token is ")/0")
(standard_in) 1: parse error
/usr/local/bin/to15min: line 40: let: AVG=()/0: syntax error: operand expected (error token is ")/0")
(standard_in) 1: parse error
/usr/local/bin/to15min: line 40: let: AVG=()/0: syntax error: operand expected (error token is ")/0")
(standard_in) 1: parse error
/usr/local/bin/to15min: line 40: let: AVG=()/0: syntax error: operand expected (error token is ")/0")
(standard_in) 1: parse error
/usr/local/bin/to15min: line 40: let: AVG=()/0: syntax error: operand expected (error token is ")/0")
(standard_in) 1: parse error
/usr/local/bin/to15min: line 40: let: AVG=()/0: syntax error: operand expected (error token is ")/0")
(standard_in) 1: parse error
/usr/local/bin/to15min: line 40: let: AVG=()/0: syntax error: operand expected (error token is ")/0")
(standard_in) 1: parse error
/usr/local/bin/to15min: line 40: let: AVG=()/0: syntax error: operand expected (error token is ")/0")
(standard_in) 1: parse error
/usr/local/bin/to15min: line 40: let: AVG=()/0: syntax error: operand expected (error token is ")/0")
(standard_in) 1: parse error
/usr/local/bin/to15min: line 40: let: AVG=()/0: syntax error: operand expected (error token is ")/0")
(standard_in) 1: parse error
(standard_in) 1: parse error
(standard_in) 1: parse error
(standard_in) 1: parse error
(standard_in) 1: parse error
(standard_in) 1: parse error
(standard_in) 1: parse error
(standard_in) 1: parse error
(standard_in) 1: parse error
(standard_in) 1: parse error
(standard_in) 1: parse error
(standard_in) 1: parse error
(standard_in) 1: parse error
(standard_in) 1: parse error
(standard_in) 1: parse error
(standard_in) 1: parse error
(standard_in) 1: parse error
(standard_in) 1: parse error
cat: 20101012_05_nad0019aixp16_aixbase.sbstats: No such file or directory
grep: 20101012_05_nad0019aixp16_aixbase.sbstats: No such file or directory
ls: /tmp/13342.*: No such file or directory
rm: cannot remove `/tmp/13342.*': No such file or directory
ls: /tmp/13379.*: No such file or directory
rm: cannot remove `/tmp/13379.*': No such file or directory
cat: 20101012_05_nad0019aixp17_aixbase.sbstats: No such file or directory
grep: 20101012_05_nad0019aixp17_aixbase.sbstats: No such file or directory
ls: /tmp/13421.*: No such file or directory
rm: cannot remove `/tmp/13421.*': No such file or directory
ls: /tmp/13465.*: No such file or directory
rm: cannot remove `/tmp/13465.*': No such file or directory
cat: 20101012_05_nad0019viop01_aixbase.sbstats: No such file or directory
grep: 20101012_05_nad0019viop01_aixbase.sbstats: No such file or directory
ls: /tmp/17111.*: No such file or directory
rm: cannot remove `/tmp/17111.*': No such file or directory
ls: /tmp/17126.*: No such file or directory
rm: cannot remove `/tmp/17126.*': No such file or directory
cat: 20101012_05_nad0019viop09_aixbase.sbstats: No such file or directory
grep: 20101012_05_nad0019viop09_aixbase.sbstats: No such file or directory
ls: /tmp/3312.*: No such file or directory
rm: cannot remove `/tmp/3312.*': No such file or directory
ls: /tmp/3361.*: No such file or directory
rm: cannot remove `/tmp/3361.*': No such file or directory
